<?xml version="1.0" encoding="UTF-8"?>
<testng-results skipped="0" failed="0" total="1" passed="1">
  <reporter-output>
  </reporter-output>
  <suite name="Default suite" duration-ms="7686" started-at="2018-04-22T17:20:06Z" finished-at="2018-04-22T17:20:14Z">
    <groups>
    </groups>
    <test name="Default test" duration-ms="7686" started-at="2018-04-22T17:20:06Z" finished-at="2018-04-22T17:20:14Z">
      <class name="com.jala.testsuites.LoginTest">
        <test-method status="PASS" signature="setUp()[pri:0, instance:com.jala.testsuites.LoginTest@31a5c39e]" name="setUp" is-config="true" duration-ms="5903" started-at="2018-04-22T22:50:06Z" finished-at="2018-04-22T22:50:12Z">
          <reporter-output>
          </reporter-output>
        </test-method> <!-- setUp -->
        <test-method status="PASS" signature="loginAdmin()[pri:0, instance:com.jala.testsuites.LoginTest@31a5c39e]" name="loginAdmin" duration-ms="1759" started-at="2018-04-22T22:50:12Z" finished-at="2018-04-22T22:50:14Z">
          <reporter-output>
          </reporter-output>
        </test-method> <!-- loginAdmin -->
      </class> <!-- com.jala.testsuites.LoginTest -->
    </test> <!-- Default test -->
  </suite> <!-- Default suite -->
</testng-results>
